# JRE version: OpenJDK Runtime Environment (8.0_212-b01) (build 1.8.0_212-b01)
# Java VM: OpenJDK 64-Bit Server VM (25.212-b01 mixed mode linux-amd64 compressed oops)
Heap:
 PSYoungGen      total 432640K, used 291717K [0x00000000d6c00000, 0x00000000fbd00000, 0x0000000100000000)
  eden space 345088K, 63% used [0x00000000d6c00000,0x00000000e4397458,0x00000000ebd00000)
  from space 87552K, 81% used [0x00000000f2d80000,0x00000000f72ca348,0x00000000f8300000)
  to   space 115200K, 0% used [0x00000000ebd00000,0x00000000ebd00000,0x00000000f2d80000)
 ParOldGen       total 388096K, used 246426K [0x0000000084400000, 0x000000009bf00000, 0x00000000d6c00000)
  object space 388096K, 63% used [0x0000000084400000,0x00000000934a6820,0x000000009bf00000)
 Metaspace       used 9091K, capacity 9400K, committed 9472K, reserved 1056768K
  class space    used 1191K, capacity 1261K, committed 1280K, reserved 1048576K
GC Heap History (10 events):
Event: 3.864 GC heap before
{Heap before GC invocations=11 (full 1):
 PSYoungGen      total 283648K, used 283632K [0x00000000d6c00000, 0x00000000f1d00000, 0x0000000100000000)
  eden space 238080K, 100% used [0x00000000d6c00000,0x00000000e5480000,0x00000000e5480000)
  from space 45568K, 99% used [0x00000000e5480000,0x00000000e80fc210,0x00000000e8100000)
  to   space 59904K, 0% used [0x00000000ee280000,0x00000000ee280000,0x00000000f1d00000)
 ParOldGen       total 147968K, used 101281K [0x0000000084400000, 0x000000008d480000, 0x00000000d6c00000)
  object space 147968K, 68% used [0x0000000084400000,0x000000008a6e8728,0x000000008d480000)
 Metaspace       used 9090K, capacity 9400K, committed 9472K, reserved 1056768K
  class space    used 1191K, capacity 1261K, committed 1280K, reserved 1048576K
Event: 3.948 GC heap after
Heap after GC invocations=11 (full 1):
 PSYoungGen      total 361472K, used 59888K [0x00000000d6c00000, 0x00000000f4a00000, 0x0000000100000000)
  eden space 301568K, 0% used [0x00000000d6c00000,0x00000000d6c00000,0x00000000e9280000)
  from space 59904K, 99% used [0x00000000ee280000,0x00000000f1cfc150,0x00000000f1d00000)
  to   space 81920K, 0% used [0x00000000e9280000,0x00000000e9280000,0x00000000ee280000)
 ParOldGen       total 147968K, used 135346K [0x0000000084400000, 0x000000008d480000, 0x00000000d6c00000)
  object space 147968K, 91% used [0x0000000084400000,0x000000008c82ca78,0x000000008d480000)
 Metaspace       used 9090K, capacity 9400K, committed 9472K, reserved 1056768K
  class space    used 1191K, capacity 1261K, committed 1280K, reserved 1048576K
}
Event: 3.948 GC heap before
{Heap before GC invocations=12 (full 2):
 PSYoungGen      total 361472K, used 59888K [0x00000000d6c00000, 0x00000000f4a00000, 0x0000000100000000)
  eden space 301568K, 0% used [0x00000000d6c00000,0x00000000d6c00000,0x00000000e9280000)
  from space 59904K, 99% used [0x00000000ee280000,0x00000000f1cfc150,0x00000000f1d00000)
  to   space 81920K, 0% used [0x00000000e9280000,0x00000000e9280000,0x00000000ee280000)
 ParOldGen       total 147968K, used 135346K [0x0000000084400000, 0x000000008d480000, 0x00000000d6c00000)
  object space 147968K, 91% used [0x0000000084400000,0x000000008c82ca78,0x000000008d480000)
 Metaspace       used 9090K, capacity 9400K, committed 9472K, reserved 1056768K
  class space    used 1191K, capacity 1261K, committed 1280K, reserved 1048576K
Event: 4.538 GC heap after
Heap after GC invocations=12 (full 2):
 PSYoungGen      total 361472K, used 46965K [0x00000000d6c00000, 0x00000000f4a00000, 0x0000000100000000)
  eden space 301568K, 0% used [0x00000000d6c00000,0x00000000d6c00000,0x00000000e9280000)
  from space 59904K, 78% used [0x00000000ee280000,0x00000000f105d658,0x00000000f1d00000)
  to   space 81920K, 0% used [0x00000000e9280000,0x00000000e9280000,0x00000000ee280000)
 ParOldGen       total 246784K, used 147934K [0x0000000084400000, 0x0000000093500000, 0x00000000d6c00000)
  object space 246784K, 59% used [0x0000000084400000,0x000000008d477be0,0x0000000093500000)
 Metaspace       used 9090K, capacity 9400K, committed 9472K, reserved 1056768K
  class space    used 1191K, capacity 1261K, committed 1280K, reserved 1048576K
}
Event: 4.847 GC heap before
{Heap before GC invocations=13 (full 2):
 PSYoungGen      total 361472K, used 348533K [0x00000000d6c00000, 0x00000000f4a00000, 0x0000000100000000)
  eden space 301568K, 100% used [0x00000000d6c00000,0x00000000e9280000,0x00000000e9280000)
  from space 59904K, 78% used [0x00000000ee280000,0x00000000f105d658,0x00000000f1d00000)
  to   space 81920K, 0% used [0x00000000e9280000,0x00000000e9280000,0x00000000ee280000)
 ParOldGen       total 246784K, used 147934K [0x0000000084400000, 0x0000000093500000, 0x00000000d6c00000)
  object space 246784K, 59% used [0x0000000084400000,0x000000008d477be0,0x0000000093500000)
 Metaspace       used 9090K, capacity 9400K, committed 9472K, reserved 1056768K
  class space    used 1191K, capacity 1261K, committed 1280K, reserved 1048576K
Event: 4.988 GC heap after
Heap after GC invocations=13 (full 2):
 PSYoungGen      total 383488K, used 61200K [0x00000000d6c00000, 0x00000000f8300000, 0x0000000100000000)
  eden space 301568K, 0% used [0x00000000d6c00000,0x00000000d6c00000,0x00000000e9280000)
  from space 81920K, 74% used [0x00000000e9280000,0x00000000ece44210,0x00000000ee280000)
  to   space 87552K, 0% used [0x00000000f2d80000,0x00000000f2d80000,0x00000000f8300000)
 ParOldGen       total 246784K, used 195047K [0x0000000084400000, 0x0000000093500000, 0x00000000d6c00000)
  object space 246784K, 79% used [0x0000000084400000,0x0000000090279df0,0x0000000093500000)
 Metaspace       used 9090K, capacity 9400K, committed 9472K, reserved 1056768K
  class space    used 1191K, capacity 1261K, committed 1280K, reserved 1048576K
}
Event: 5.295 GC heap before
{Heap before GC invocations=14 (full 2):
 PSYoungGen      total 383488K, used 362768K [0x00000000d6c00000, 0x00000000f8300000, 0x0000000100000000)
  eden space 301568K, 100% used [0x00000000d6c00000,0x00000000e9280000,0x00000000e9280000)
  from space 81920K, 74% used [0x00000000e9280000,0x00000000ece44210,0x00000000ee280000)
  to   space 87552K, 0% used [0x00000000f2d80000,0x00000000f2d80000,0x00000000f8300000)
 ParOldGen       total 246784K, used 195047K [0x0000000084400000, 0x0000000093500000, 0x00000000d6c00000)
  object space 246784K, 79% used [0x0000000084400000,0x0000000090279df0,0x0000000093500000)
 Metaspace       used 9090K, capacity 9400K, committed 9472K, reserved 1056768K
  class space    used 1191K, capacity 1261K, committed 1280K, reserved 1048576K
Event: 5.401 GC heap after
Heap after GC invocations=14 (full 2):
 PSYoungGen      total 432640K, used 87521K [0x00000000d6c00000, 0x00000000fbd00000, 0x0000000100000000)
  eden space 345088K, 0% used [0x00000000d6c00000,0x00000000d6c00000,0x00000000ebd00000)
  from space 87552K, 99% used [0x00000000f2d80000,0x00000000f82f8420,0x00000000f8300000)
  to   space 115200K, 0% used [0x00000000ebd00000,0x00000000ebd00000,0x00000000f2d80000)
 ParOldGen       total 246784K, used 230343K [0x0000000084400000, 0x0000000093500000, 0x00000000d6c00000)
  object space 246784K, 93% used [0x0000000084400000,0x00000000924f1f30,0x0000000093500000)
 Metaspace       used 9090K, capacity 9400K, committed 9472K, reserved 1056768K
  class space    used 1191K, capacity 1261K, committed 1280K, reserved 1048576K
}
Event: 5.401 GC heap before
{Heap before GC invocations=15 (full 3):
 PSYoungGen      total 432640K, used 87521K [0x00000000d6c00000, 0x00000000fbd00000, 0x0000000100000000)
  eden space 345088K, 0% used [0x00000000d6c00000,0x00000000d6c00000,0x00000000ebd00000)
  from space 87552K, 99% used [0x00000000f2d80000,0x00000000f82f8420,0x00000000f8300000)
  to   space 115200K, 0% used [0x00000000ebd00000,0x00000000ebd00000,0x00000000f2d80000)
 ParOldGen       total 246784K, used 230343K [0x0000000084400000, 0x0000000093500000, 0x00000000d6c00000)
  object space 246784K, 93% used [0x0000000084400000,0x00000000924f1f30,0x0000000093500000)
 Metaspace       used 9090K, capacity 9400K, committed 9472K, reserved 1056768K
  class space    used 1191K, capacity 1261K, committed 1280K, reserved 1048576K
Event: 6.330 GC heap after
Heap after GC invocations=15 (full 3):
 PSYoungGen      total 432640K, used 70952K [0x00000000d6c00000, 0x00000000fbd00000, 0x0000000100000000)
  eden space 345088K, 0% used [0x00000000d6c00000,0x00000000d6c00000,0x00000000ebd00000)
  from space 87552K, 81% used [0x00000000f2d80000,0x00000000f72ca348,0x00000000f8300000)
  to   space 115200K, 0% used [0x00000000ebd00000,0x00000000ebd00000,0x00000000f2d80000)
 ParOldGen       total 388096K, used 246426K [0x0000000084400000, 0x000000009bf00000, 0x00000000d6c00000)
  object space 388096K, 63% used [0x0000000084400000,0x00000000934a6820,0x000000009bf00000)
 Metaspace       used 9090K, capacity 9400K, committed 9472K, reserved 1056768K
  class space    used 1191K, capacity 1261K, committed 1280K, reserved 1048576K
}

